<?xml version="1.0" encoding="UTF-8"?>
<testsuite xmlns:xsi="http://www.w3.org/2001/XMLSchema-instance" xsi:noNamespaceSchemaLocation="https://maven.apache.org/surefire/maven-surefire-plugin/xsd/surefire-test-report.xsd" name="Addition Functionality" time="0.152" tests="3" errors="0" skipped="3" failures="0">
  <properties>
[...]
</properties>
  <testcase name="want to add two numbers" classname="Addition Functionality" time="0">
    <skipped message="The step &quot;I have to two numbers 1 and 2&quot; is undefined"/>
    <system-out><![CDATA[@tag
Feature: Addition Functionality
     Checking addition features by adding two integers

  @tag @tag1
  Scenario: want to add two numbers     &amp#27;[90m# features/MyFirstFeature.feature:6&amp#27;[0m
    &amp#27;[33mGiven &amp#27;[0m&amp#27;[33mI have to two numbers 1 and 2&amp#27;[0m &amp#27;[90m# null&amp#27;[0m
    &amp#27;[33mWhen &amp#27;[0m&amp#27;[33mI add these two numbers&amp#27;[0m        &amp#27;[90m# null&amp#27;[0m
    &amp#27;[33mThen &amp#27;[0m&amp#27;[33mResult is 3&amp#27;[0m                    &amp#27;[90m# null&amp#27;[0m

&amp#27;[33mUndefined scenarios:&amp#27;[0m
&amp#27;[33mfeatures/MyFirstFeature.feature:6 &amp#27;[0m# want to add two numbers

1 Scenarios (&amp#27;[33m1 undefined&amp#27;[0m)
3 Steps (&amp#27;[33m3 undefined&amp#27;[0m)
0m0.484s


You can implement missing steps with the snippets below:

@Given("I have to two numbers {int} and {int}")
public void i_have_to_two_numbers_and(Integer int1, Integer int2) {
    // Write code here that turns the phrase above into concrete actions
    throw new cucumber.api.PendingException();
}

@When("I add these two numbers")
public void i_add_these_two_numbers() {
    // Write code here that turns the phrase above into concrete actions
    throw new cucumber.api.PendingException();
}

@Then("Result is {int}")
public void result_is(Integer int1) {
    // Write code here that turns the phrase above into concrete actions
    throw new cucumber.api.PendingException();
}

]]></system-out>
  </testcase>
  <testcase name="want to add two numbers" classname="Addition Functionality" time="0">
    <skipped message="The step &quot;I add these two numbers&quot; is undefined"/>
  </testcase>
  <testcase name="want to add two numbers" classname="Addition Functionality" time="0">
    <skipped message="The step &quot;Result is 3&quot; is undefined"/>
  </testcase>
</testsuite>