<?xml version="1.0" encoding="UTF-8"?>
<testng-results ignored="0" total="1" passed="1" failed="0" skipped="0">
  <reporter-output>
  </reporter-output>
  <suite started-at="2021-06-29T15:51:37 IST" name="Default suite" finished-at="2021-06-29T15:51:45 IST" duration-ms="8036">
    <groups>
    </groups>
    <test started-at="2021-06-29T15:51:37 IST" name="Default test" finished-at="2021-06-29T15:51:45 IST" duration-ms="8036">
      <class name="OauthDemo">
        <test-method signature="GetAccessToken()[pri:0, instance:OauthDemo@37654521]" started-at="2021-06-29T15:51:37 IST" name="GetAccessToken" finished-at="2021-06-29T15:51:45 IST" duration-ms="7945" status="PASS">
          <reporter-output>
          </reporter-output>
        </test-method> <!-- GetAccessToken -->
      </class> <!-- OauthDemo -->
    </test> <!-- Default test -->
  </suite> <!-- Default suite -->
</testng-results>
