<?xml version="1.0" encoding="UTF-8"?>
<!-- Generated by org.testng.reporters.JUnitXMLReporter -->
<testsuite ignored="0" hostname="srinivas" failures="0" tests="3" name="Test" time="4.521" errors="0" timestamp="2021-06-08T18:33:33 IST">
  <testcase classname="TC001_GET_Request" name="getweatherDetails" time="2.938"/>
  <testcase classname="TC002_POST_Request" name="RegistrationSuccessful" time="0.882"/>
  <testcase classname="TC003_GET_Request" name="googleMapTest" time="0.638"/>
</testsuite> <!-- Test -->
